<?xml version="1.0" encoding="UTF-8"?>
<!-- Generated by org.testng.reporters.JUnitReportReporter -->
<testsuite hostname="biswa-mishra" failures="0" tests="2" name="gtl.GtlTest" time="31.030" errors="0" timestamp="05 Mar 2023 08:13:18 GMT" skipped="0">
  <testcase classname="gtl.GtlTest" name="test2" time="7.203"/>
  <testcase classname="gtl.GtlTest" name="test1" time="23.827"/>
</testsuite> <!-- gtl.GtlTest -->
